2013-02-26 13:30:30 Error: [MissingControllerException] Controller class ThemeController could not be found.
Exception Attributes: array (
  'class' => 'ThemeController',
  'plugin' => NULL,
)
Request URL: /cacaphp/theme/960-fluid/img/switch_minus.gif
Stack Trace:
#0 /var/www/html/cacaphp/app/webroot/index.php(97): Dispatcher->dispatch(Object(CakeRequest), Object(CakeResponse))
#1 {main}
2013-02-26 13:30:33 Error: [MissingControllerException] Controller class ThemeController could not be found.
Exception Attributes: array (
  'class' => 'ThemeController',
  'plugin' => NULL,
)
Request URL: /cacaphp/theme/960-fluid/img/switch_minus.gif
Stack Trace:
#0 /var/www/html/cacaphp/app/webroot/index.php(97): Dispatcher->dispatch(Object(CakeRequest), Object(CakeResponse))
#1 {main}
2013-02-26 13:30:37 Error: [MissingControllerException] Controller class ThemeController could not be found.
Exception Attributes: array (
  'class' => 'ThemeController',
  'plugin' => NULL,
)
Request URL: /cacaphp/theme/960-fluid/img/switch_minus.gif
Stack Trace:
#0 /var/www/html/cacaphp/app/webroot/index.php(97): Dispatcher->dispatch(Object(CakeRequest), Object(CakeResponse))
#1 {main}
2013-02-26 13:30:41 Error: [MissingControllerException] Controller class ThemeController could not be found.
Exception Attributes: array (
  'class' => 'ThemeController',
  'plugin' => NULL,
)
Request URL: /cacaphp/theme/960-fluid/img/switch_minus.gif
Stack Trace:
#0 /var/www/html/cacaphp/app/webroot/index.php(97): Dispatcher->dispatch(Object(CakeRequest), Object(CakeResponse))
#1 {main}
2013-02-26 13:37:10 Error: [MissingControllerException] Controller class ThemeController could not be found.
Exception Attributes: array (
  'class' => 'ThemeController',
  'plugin' => NULL,
)
Request URL: /cacaphp/theme/960-fluid/img/switch_minus.gif
Stack Trace:
#0 /var/www/html/cacaphp/app/webroot/index.php(97): Dispatcher->dispatch(Object(CakeRequest), Object(CakeResponse))
#1 {main}
2013-02-26 13:37:14 Error: [MissingControllerException] Controller class ThemeController could not be found.
Exception Attributes: array (
  'class' => 'ThemeController',
  'plugin' => NULL,
)
Request URL: /cacaphp/theme/960-fluid/img/switch_minus.gif
Stack Trace:
#0 /var/www/html/cacaphp/app/webroot/index.php(97): Dispatcher->dispatch(Object(CakeRequest), Object(CakeResponse))
#1 {main}
2013-02-26 13:37:23 Error: [MissingControllerException] Controller class ThemeController could not be found.
Exception Attributes: array (
  'class' => 'ThemeController',
  'plugin' => NULL,
)
Request URL: /cacaphp/theme/960-fluid/img/switch_minus.gif
Stack Trace:
#0 /var/www/html/cacaphp/app/webroot/index.php(97): Dispatcher->dispatch(Object(CakeRequest), Object(CakeResponse))
#1 {main}
2013-02-26 13:37:23 Error: [MissingActionException] Action ArrendamientosController::calendario.gif() could not be found.
Exception Attributes: array (
  'controller' => 'ArrendamientosController',
  'action' => 'calendario.gif',
)
Request URL: /cacaphp/arrendamientos/calendario.gif
Stack Trace:
#0 /var/www/html/cacaphp/lib/Cake/Routing/Dispatcher.php(186): Controller->invokeAction(Object(CakeRequest))
#1 /var/www/html/cacaphp/lib/Cake/Routing/Dispatcher.php(161): Dispatcher->_invoke(Object(ArrendamientosController), Object(CakeRequest), Object(CakeResponse))
#2 /var/www/html/cacaphp/app/webroot/index.php(97): Dispatcher->dispatch(Object(CakeRequest), Object(CakeResponse))
#3 {main}
2013-02-26 13:44:16 Error: [MissingControllerException] Controller class ThemeController could not be found.
Exception Attributes: array (
  'class' => 'ThemeController',
  'plugin' => NULL,
)
Request URL: /cacaphp/theme/960-fluid/img/switch_minus.gif
Stack Trace:
#0 /var/www/html/cacaphp/app/webroot/index.php(97): Dispatcher->dispatch(Object(CakeRequest), Object(CakeResponse))
#1 {main}
2013-02-26 13:50:19 Error: [MissingControllerException] Controller class ThemeController could not be found.
Exception Attributes: array (
  'class' => 'ThemeController',
  'plugin' => NULL,
)
Request URL: /cacaphp/theme/960-fluid/img/switch_minus.gif
Stack Trace:
#0 /var/www/html/cacaphp/app/webroot/index.php(97): Dispatcher->dispatch(Object(CakeRequest), Object(CakeResponse))
#1 {main}
2013-02-26 13:50:29 Error: [MissingControllerException] Controller class ThemeController could not be found.
Exception Attributes: array (
  'class' => 'ThemeController',
  'plugin' => NULL,
)
Request URL: /cacaphp/theme/960-fluid/img/switch_minus.gif
Stack Trace:
#0 /var/www/html/cacaphp/app/webroot/index.php(97): Dispatcher->dispatch(Object(CakeRequest), Object(CakeResponse))
#1 {main}
2013-02-26 13:55:20 Error: [MissingControllerException] Controller class ThemeController could not be found.
Exception Attributes: array (
  'class' => 'ThemeController',
  'plugin' => NULL,
)
Request URL: /cacaphp/theme/960-fluid/img/switch_minus.gif
Stack Trace:
#0 /var/www/html/cacaphp/app/webroot/index.php(97): Dispatcher->dispatch(Object(CakeRequest), Object(CakeResponse))
#1 {main}
2013-02-26 13:55:20 Error: [MissingActionException] Action ArrendamientosController::calendario.gif() could not be found.
Exception Attributes: array (
  'controller' => 'ArrendamientosController',
  'action' => 'calendario.gif',
)
Request URL: /cacaphp/arrendamientos/calendario.gif
Stack Trace:
#0 /var/www/html/cacaphp/lib/Cake/Routing/Dispatcher.php(186): Controller->invokeAction(Object(CakeRequest))
#1 /var/www/html/cacaphp/lib/Cake/Routing/Dispatcher.php(161): Dispatcher->_invoke(Object(ArrendamientosController), Object(CakeRequest), Object(CakeResponse))
#2 /var/www/html/cacaphp/app/webroot/index.php(97): Dispatcher->dispatch(Object(CakeRequest), Object(CakeResponse))
#3 {main}
2013-02-26 14:00:40 Error: [MissingControllerException] Controller class ThemeController could not be found.
Exception Attributes: array (
  'class' => 'ThemeController',
  'plugin' => NULL,
)
Request URL: /cacaphp/theme/960-fluid/img/switch_minus.gif
Stack Trace:
#0 /var/www/html/cacaphp/app/webroot/index.php(97): Dispatcher->dispatch(Object(CakeRequest), Object(CakeResponse))
#1 {main}
2013-02-26 14:00:40 Error: [MissingActionException] Action ArrendamientosController::calendario.gif() could not be found.
Exception Attributes: array (
  'controller' => 'ArrendamientosController',
  'action' => 'calendario.gif',
)
Request URL: /cacaphp/arrendamientos/calendario.gif
Stack Trace:
#0 /var/www/html/cacaphp/lib/Cake/Routing/Dispatcher.php(186): Controller->invokeAction(Object(CakeRequest))
#1 /var/www/html/cacaphp/lib/Cake/Routing/Dispatcher.php(161): Dispatcher->_invoke(Object(ArrendamientosController), Object(CakeRequest), Object(CakeResponse))
#2 /var/www/html/cacaphp/app/webroot/index.php(97): Dispatcher->dispatch(Object(CakeRequest), Object(CakeResponse))
#3 {main}
2013-02-26 14:01:45 Error: [MissingControllerException] Controller class ThemeController could not be found.
Exception Attributes: array (
  'class' => 'ThemeController',
  'plugin' => NULL,
)
Request URL: /cacaphp/theme/960-fluid/img/switch_minus.gif
Stack Trace:
#0 /var/www/html/cacaphp/app/webroot/index.php(97): Dispatcher->dispatch(Object(CakeRequest), Object(CakeResponse))
#1 {main}
2013-02-26 14:01:46 Error: [MissingActionException] Action ArrendamientosController::calendario.gif() could not be found.
Exception Attributes: array (
  'controller' => 'ArrendamientosController',
  'action' => 'calendario.gif',
)
Request URL: /cacaphp/arrendamientos/calendario.gif
Stack Trace:
#0 /var/www/html/cacaphp/lib/Cake/Routing/Dispatcher.php(186): Controller->invokeAction(Object(CakeRequest))
#1 /var/www/html/cacaphp/lib/Cake/Routing/Dispatcher.php(161): Dispatcher->_invoke(Object(ArrendamientosController), Object(CakeRequest), Object(CakeResponse))
#2 /var/www/html/cacaphp/app/webroot/index.php(97): Dispatcher->dispatch(Object(CakeRequest), Object(CakeResponse))
#3 {main}
2013-02-26 14:02:25 Error: [MissingControllerException] Controller class ThemeController could not be found.
Exception Attributes: array (
  'class' => 'ThemeController',
  'plugin' => NULL,
)
Request URL: /cacaphp/theme/960-fluid/img/switch_minus.gif
Stack Trace:
#0 /var/www/html/cacaphp/app/webroot/index.php(97): Dispatcher->dispatch(Object(CakeRequest), Object(CakeResponse))
#1 {main}
2013-02-26 14:02:29 Error: [MissingControllerException] Controller class ThemeController could not be found.
Exception Attributes: array (
  'class' => 'ThemeController',
  'plugin' => NULL,
)
Request URL: /cacaphp/theme/960-fluid/img/switch_minus.gif
Stack Trace:
#0 /var/www/html/cacaphp/app/webroot/index.php(97): Dispatcher->dispatch(Object(CakeRequest), Object(CakeResponse))
#1 {main}
2013-02-26 14:02:36 Error: [MissingControllerException] Controller class ThemeController could not be found.
Exception Attributes: array (
  'class' => 'ThemeController',
  'plugin' => NULL,
)
Request URL: /cacaphp/theme/960-fluid/img/switch_minus.gif
Stack Trace:
#0 /var/www/html/cacaphp/app/webroot/index.php(97): Dispatcher->dispatch(Object(CakeRequest), Object(CakeResponse))
#1 {main}
2013-02-26 14:02:44 Error: [MissingControllerException] Controller class ThemeController could not be found.
Exception Attributes: array (
  'class' => 'ThemeController',
  'plugin' => NULL,
)
Request URL: /cacaphp/theme/960-fluid/img/switch_minus.gif
Stack Trace:
#0 /var/www/html/cacaphp/app/webroot/index.php(97): Dispatcher->dispatch(Object(CakeRequest), Object(CakeResponse))
#1 {main}
2013-02-26 14:02:52 Error: [MissingControllerException] Controller class ThemeController could not be found.
Exception Attributes: array (
  'class' => 'ThemeController',
  'plugin' => NULL,
)
Request URL: /cacaphp/theme/960-fluid/img/switch_minus.gif
Stack Trace:
#0 /var/www/html/cacaphp/app/webroot/index.php(97): Dispatcher->dispatch(Object(CakeRequest), Object(CakeResponse))
#1 {main}
2013-02-26 14:02:55 Error: [MissingControllerException] Controller class ThemeController could not be found.
Exception Attributes: array (
  'class' => 'ThemeController',
  'plugin' => NULL,
)
Request URL: /cacaphp/theme/960-fluid/img/switch_minus.gif
Stack Trace:
#0 /var/www/html/cacaphp/app/webroot/index.php(97): Dispatcher->dispatch(Object(CakeRequest), Object(CakeResponse))
#1 {main}
